{
  "RSpec": {
    "coverage": {
      "/Users/Henry/Desktop/DPL/week5/day3/school_rails/app/controllers/schools_controller.rb": [
        1,
        1,
        null,
        1,
        8,
        null,
        null,
        1,
        null,
        null,
        1,
        4,
        null,
        null,
        1,
        4,
        4,
        4,
        null,
        0,
        null,
        null,
        null,
        1,
        null,
        null,
        1,
        0,
        0,
        0,
        null,
        0,
        null,
        null,
        null,
        1,
        0,
        0,
        null,
        null,
        1,
        1,
        4,
        null,
        null,
        1,
        4,
        null,
        null
      ],
      "/Users/Henry/Desktop/DPL/week5/day3/school_rails/app/controllers/application_controller.rb": [
        1,
        null,
        null,
        1,
        null
      ]
    },
    "timestamp": 1465703293
  }
}
