{
  "RSpec": {
    "coverage": {
      "/Users/Henry/Desktop/DPL/week5/day3/school_rails/app/controllers/schools_controller.rb": [
        1,
        1,
        null,
        1,
        4,
        null,
        null,
        1,
        null,
        null,
        1,
        3,
        null,
        null,
        1,
        4,
        4,
        3,
        null,
        1,
        null,
        null,
        null,
        1,
        null,
        null,
        1,
        5,
        4,
        4,
        null,
        1,
        null,
        null,
        null,
        1,
        3,
        3,
        null,
        null,
        1,
        1,
        14,
        null,
        null,
        1,
        9,
        null,
        null
      ],
      "/Users/Henry/Desktop/DPL/week5/day3/school_rails/app/controllers/application_controller.rb": [
        1,
        null,
        null,
        1,
        null
      ],
      "/Users/Henry/Desktop/DPL/week5/day3/school_rails/spec/helpers/schools_helper_spec.rb": [
        1,
        null,
        null,
        null,
        null,
        null,
        null,
        null,
        null,
        null,
        null,
        null,
        1,
        1,
        null
      ],
      "/Users/Henry/Desktop/DPL/week5/day3/school_rails/spec/models/school_spec.rb": [
        1,
        null,
        1,
        1,
        2,
        2,
        2,
        null,
        null,
        1,
        1,
        1,
        null,
        null,
        1,
        null,
        null,
        null,
        1,
        1,
        1,
        null,
        null,
        1,
        null,
        null,
        1,
        1,
        null,
        null,
        1,
        null,
        null,
        1,
        1,
        null,
        null,
        1,
        null,
        null,
        1,
        1,
        null,
        null,
        1,
        null,
        null,
        1,
        1,
        null,
        null,
        1,
        null,
        null,
        null,
        null,
        null
      ],
      "/Users/Henry/Desktop/DPL/week5/day3/school_rails/app/models/school.rb": [
        1,
        1,
        null,
        1,
        1,
        null,
        null,
        1,
        5,
        5,
        2,
        3,
        2,
        null,
        1,
        null,
        null,
        null
      ],
      "/Users/Henry/Desktop/DPL/week5/day3/school_rails/spec/views/schools/edit.html.erb_spec.rb": [
        1,
        null,
        1,
        1,
        null
      ],
      "/Users/Henry/Desktop/DPL/week5/day3/school_rails/spec/views/schools/index.html.erb_spec.rb": [
        1,
        null,
        1,
        1,
        null
      ],
      "/Users/Henry/Desktop/DPL/week5/day3/school_rails/spec/views/schools/new.html.erb_spec.rb": [
        1,
        null,
        1,
        1,
        null
      ],
      "/Users/Henry/Desktop/DPL/week5/day3/school_rails/spec/views/schools/show.html.erb_spec.rb": [
        1,
        null,
        1,
        1,
        null
      ]
    },
    "timestamp": 1465434337
  }
}
